<?xml version="1.0" encoding="UTF-8"?>
<!-- Generated by org.testng.reporters.JUnitReportReporter -->
<testsuite hostname="dell" failures="0" tests="2" name="com.training.runner.Runner" time="183.625" errors="0" timestamp="2022-06-08T13:03:02 CDT" skipped="0">
  <testcase classname="com.training.runner.Runner" name="runScenario" time="29.369"/>
  <system-out/>
  <testcase classname="com.training.runner.Runner" name="runScenario" time="154.256"/>
  <system-out/>
</testsuite> <!-- com.training.runner.Runner -->
